2024.02.29 10:04:47 INFO  Started: Metals version 1.2.2 in folders 'C:\Users\sreek\Downloads\cinema-world-main\cinema-world-main' for client Visual Studio Code 1.86.2.
10:04:48.158 [pool-1-thread-1] INFO org.flywaydb.core.internal.license.VersionPrinter -- Flyway Community Edition 9.22.3 by Redgate
10:04:48.161 [pool-1-thread-1] INFO org.flywaydb.core.internal.license.VersionPrinter -- See release notes here: https://rd.gt/416ObMi
10:04:48.161 [pool-1-thread-1] INFO org.flywaydb.core.internal.license.VersionPrinter -- 
10:04:48.163 [pool-1-thread-1] DEBUG org.flywaydb.core.internal.scanner.classpath.ClassPathScanner -- Scanning for classpath resources at 'classpath:db/callback' ...
10:04:48.163 [pool-1-thread-1] DEBUG org.flywaydb.core.internal.scanner.classpath.ClassPathScanner -- Determining location urls for classpath:db/callback using ClassLoader jdk.internal.loader.ClassLoaders$AppClassLoader@c387f44 ...
10:04:48.163 [pool-1-thread-1] DEBUG org.flywaydb.core.internal.scanner.classpath.ClassPathScanner -- Unable to resolve location classpath:db/callback.
10:04:48.163 [pool-1-thread-1] DEBUG org.flywaydb.core.internal.scanner.classpath.ClassPathScanner -- Scanning for classpath resources at 'classpath:db/migration' ...
10:04:48.164 [pool-1-thread-1] DEBUG org.flywaydb.core.internal.scanner.classpath.ClassPathScanner -- Determining location urls for classpath:db/migration using ClassLoader jdk.internal.loader.ClassLoaders$AppClassLoader@c387f44 ...
10:04:48.164 [pool-1-thread-1] DEBUG org.flywaydb.core.internal.scanner.classpath.ClassPathScanner -- Scanning URL: jar:file:/C:/Users/sreek/AppData/Local/Coursier/cache/v1/https/repo1.maven.org/maven2/org/scalameta/metals_2.13/1.2.2/metals_2.13-1.2.2.jar!/db/migration
10:04:48.166 [pool-1-thread-1] DEBUG org.flywaydb.core.internal.scanner.classpath.ClassPathScanner -- Found resource: db/migration/
10:04:48.166 [pool-1-thread-1] DEBUG org.flywaydb.core.internal.scanner.classpath.ClassPathScanner -- Found resource: db/migration/V1__Create_tables.sql
10:04:48.167 [pool-1-thread-1] DEBUG org.flywaydb.core.internal.scanner.classpath.ClassPathScanner -- Found resource: db/migration/V2__Server_discovery.sql
10:04:48.167 [pool-1-thread-1] DEBUG org.flywaydb.core.internal.scanner.classpath.ClassPathScanner -- Found resource: db/migration/V3__Jar_symbols.sql
10:04:48.167 [pool-1-thread-1] DEBUG org.flywaydb.core.internal.scanner.classpath.ClassPathScanner -- Found resource: db/migration/V4__Fingerprints.sql
10:04:48.167 [pool-1-thread-1] DEBUG org.flywaydb.core.internal.scanner.classpath.ClassPathScanner -- Scanning for classes at classpath:db/migration
10:04:48.169 [pool-1-thread-1] DEBUG org.flywaydb.core.internal.scanner.Scanner -- Filtering out resource: db/migration/ (filename: )
10:04:48.170 [pool-1-thread-1] DEBUG org.flywaydb.core.internal.resource.ResourceNameValidator -- Validating V2__Server_discovery.sql
10:04:48.170 [pool-1-thread-1] DEBUG org.flywaydb.core.internal.resource.ResourceNameValidator -- Validating V1__Create_tables.sql
10:04:48.170 [pool-1-thread-1] DEBUG org.flywaydb.core.internal.resource.ResourceNameValidator -- Validating V3__Jar_symbols.sql
10:04:48.170 [pool-1-thread-1] DEBUG org.flywaydb.core.internal.resource.ResourceNameValidator -- Validating V4__Fingerprints.sql
10:04:48.255 [pool-1-thread-1] INFO org.flywaydb.core.FlywayExecutor -- Database: jdbc:h2:file:C:\Users\sreek\Downloads\cinema-world-main\cinema-world-main\.metals\metals (H2 2.2)
10:04:48.255 [pool-1-thread-1] DEBUG org.flywaydb.core.FlywayExecutor -- Driver: H2 JDBC Driver 2.2.224 (2023-09-17)
10:04:48.255 [pool-1-thread-1] DEBUG org.flywaydb.core.FlywayExecutor -- DDL Transactions Supported: false
10:04:48.256 [pool-1-thread-1] DEBUG org.flywaydb.core.internal.schemahistory.SchemaHistoryFactory -- Schemas: 
10:04:48.257 [pool-1-thread-1] DEBUG org.flywaydb.core.internal.schemahistory.SchemaHistoryFactory -- Default schema: null
10:04:48.261 [pool-1-thread-1] WARN org.flywaydb.core.internal.database.base.Database -- Flyway upgrade recommended: H2 2.2.224 is newer than this version of Flyway and support has not been tested. The latest supported version of H2 is 2.2.220.
10:04:48.262 [pool-1-thread-1] DEBUG org.flywaydb.core.internal.callback.SqlScriptCallbackFactory -- Scanning for SQL callbacks ...
10:04:48.262 [pool-1-thread-1] DEBUG org.flywaydb.core.internal.scanner.Scanner -- Filtering out resource: db/migration/ (filename: )
10:04:48.269 [pool-1-thread-1] DEBUG org.flywaydb.core.internal.command.DbValidate -- Validating migrations ...
10:04:48.274 [pool-1-thread-1] DEBUG org.flywaydb.core.internal.scanner.Scanner -- Filtering out resource: db/migration/ (filename: )
10:04:48.281 [pool-1-thread-1] DEBUG org.flywaydb.core.internal.scanner.Scanner -- Filtering out resource: db/migration/V2__Server_discovery.sql (filename: V2__Server_discovery.sql)
10:04:48.281 [pool-1-thread-1] DEBUG org.flywaydb.core.internal.scanner.Scanner -- Filtering out resource: db/migration/V1__Create_tables.sql (filename: V1__Create_tables.sql)
10:04:48.281 [pool-1-thread-1] DEBUG org.flywaydb.core.internal.scanner.Scanner -- Filtering out resource: db/migration/V3__Jar_symbols.sql (filename: V3__Jar_symbols.sql)
10:04:48.281 [pool-1-thread-1] DEBUG org.flywaydb.core.internal.scanner.Scanner -- Filtering out resource: db/migration/ (filename: )
10:04:48.281 [pool-1-thread-1] DEBUG org.flywaydb.core.internal.scanner.Scanner -- Filtering out resource: db/migration/V4__Fingerprints.sql (filename: V4__Fingerprints.sql)
10:04:48.282 [pool-1-thread-1] DEBUG org.flywaydb.core.internal.scanner.Scanner -- Filtering out resource: db/migration/V2__Server_discovery.sql (filename: V2__Server_discovery.sql)
10:04:48.282 [pool-1-thread-1] DEBUG org.flywaydb.core.internal.scanner.Scanner -- Filtering out resource: db/migration/V1__Create_tables.sql (filename: V1__Create_tables.sql)
10:04:48.282 [pool-1-thread-1] DEBUG org.flywaydb.core.internal.scanner.Scanner -- Filtering out resource: db/migration/V3__Jar_symbols.sql (filename: V3__Jar_symbols.sql)
10:04:48.282 [pool-1-thread-1] DEBUG org.flywaydb.core.internal.scanner.Scanner -- Filtering out resource: db/migration/ (filename: )
10:04:48.282 [pool-1-thread-1] DEBUG org.flywaydb.core.internal.scanner.Scanner -- Filtering out resource: db/migration/V4__Fingerprints.sql (filename: V4__Fingerprints.sql)
10:04:48.284 [pool-1-thread-1] INFO org.flywaydb.core.internal.schemahistory.JdbcTableSchemaHistory -- Schema history table "PUBLIC"."flyway_schema_history" does not exist yet
10:04:48.286 [pool-1-thread-1] INFO org.flywaydb.core.internal.command.DbValidate -- Successfully validated 4 migrations (execution time 00:00.016s)
10:04:48.288 [pool-1-thread-1] DEBUG org.flywaydb.core.internal.command.DbSchemas -- Skipping creation of existing schema: "PUBLIC"
10:04:48.291 [pool-1-thread-1] INFO org.flywaydb.core.internal.schemahistory.JdbcTableSchemaHistory -- Creating Schema History table "PUBLIC"."flyway_schema_history" ...
10:04:48.292 [pool-1-thread-1] DEBUG org.flywaydb.core.internal.parser.Parser -- Parsing  ...
10:04:48.299 [pool-1-thread-1] DEBUG org.flywaydb.core.internal.sqlscript.ParserSqlScript -- Found statement at line 1: CREATE TABLE IF NOT EXISTS "PUBLIC"."flyway_schema_history" (
    "installed_rank" INT NOT NULL,
    "version" VARCHAR(50),
    "description" VARCHAR(200) NOT NULL,
    "type" VARCHAR(20) NOT NULL,
    "script" VARCHAR(1000) NOT NULL,
    "checksum" INT,
    "installed_by" VARCHAR(100) NOT NULL,
    "installed_on" TIMESTAMP NOT NULL DEFAULT CURRENT_TIMESTAMP,
    "execution_time" INT NOT NULL,
    "success" BOOLEAN NOT NULL,
    CONSTRAINT "flyway_schema_history_pk" PRIMARY KEY ("installed_rank")
) AS SELECT -1, NULL, '<< Flyway Schema History table created >>', 'TABLE', '', NULL, 'SA', CURRENT_TIMESTAMP, 0, TRUE
10:04:48.300 [pool-1-thread-1] DEBUG org.flywaydb.core.internal.sqlscript.ParserSqlScript -- Found statement at line 14: CREATE INDEX "PUBLIC"."flyway_schema_history_s_idx" ON "PUBLIC"."flyway_schema_history" ("success")
10:04:48.300 [pool-1-thread-1] DEBUG org.flywaydb.core.internal.sqlscript.DefaultSqlScriptExecutor -- Executing SQL: CREATE TABLE IF NOT EXISTS "PUBLIC"."flyway_schema_history" (
    "installed_rank" INT NOT NULL,
    "version" VARCHAR(50),
    "description" VARCHAR(200) NOT NULL,
    "type" VARCHAR(20) NOT NULL,
    "script" VARCHAR(1000) NOT NULL,
    "checksum" INT,
    "installed_by" VARCHAR(100) NOT NULL,
    "installed_on" TIMESTAMP NOT NULL DEFAULT CURRENT_TIMESTAMP,
    "execution_time" INT NOT NULL,
    "success" BOOLEAN NOT NULL,
    CONSTRAINT "flyway_schema_history_pk" PRIMARY KEY ("installed_rank")
) AS SELECT -1, NULL, '<< Flyway Schema History table created >>', 'TABLE', '', NULL, 'SA', CURRENT_TIMESTAMP, 0, TRUE
10:04:48.304 [pool-1-thread-1] DEBUG org.flywaydb.core.internal.sqlscript.DefaultSqlScriptExecutor -- 0 rows affected
10:04:48.304 [pool-1-thread-1] DEBUG org.flywaydb.core.internal.sqlscript.DefaultSqlScriptExecutor -- Executing SQL: CREATE INDEX "PUBLIC"."flyway_schema_history_s_idx" ON "PUBLIC"."flyway_schema_history" ("success")
10:04:48.306 [pool-1-thread-1] DEBUG org.flywaydb.core.internal.sqlscript.DefaultSqlScriptExecutor -- 0 rows affected
10:04:48.307 [pool-1-thread-1] DEBUG org.flywaydb.core.internal.schemahistory.JdbcTableSchemaHistory -- Created Schema History table "PUBLIC"."flyway_schema_history"
10:04:48.313 [pool-1-thread-1] INFO org.flywaydb.core.internal.command.DbMigrate -- Current version of schema "PUBLIC": << Empty Schema >>
10:04:48.314 [pool-1-thread-1] DEBUG org.flywaydb.core.internal.parser.Parser -- Parsing V1__Create_tables.sql ...
10:04:48.315 [pool-1-thread-1] DEBUG org.flywaydb.core.internal.sqlscript.ParserSqlScript -- Found statement at line 4: -- The relationship between library dependency sources under .metals/readonly/**
-- and build targets they belong to. Required to know what classpath to use
-- for compiling dependency sources.
create table dependency_source(
  text_document_uri varchar primary key,
  build_target_uri varchar not null
)
10:04:48.316 [pool-1-thread-1] DEBUG org.flywaydb.core.internal.sqlscript.ParserSqlScript -- Found statement at line 12: -- The relationship between library dependency sources under .metals/readonly/**
-- and worksheets they belong to. Required to know what classpath to use
-- for compiling dependency sources.
create table worksheet_dependency_source(
  text_document_uri varchar primary key,
  worksheet_uri varchar not null
)
10:04:48.317 [pool-1-thread-1] DEBUG org.flywaydb.core.internal.sqlscript.ParserSqlScript -- Found statement at line 19: -- The relationship between what library dependency sources under .metals/readonly/**
-- map to which build targets.
create table sbt_digest(
  md5 varchar,
  status tinyint not null,
  when_recorded timestamp
)
10:04:48.318 [pool-1-thread-1] DEBUG org.flywaydb.core.internal.sqlscript.ParserSqlScript -- Found statement at line 27: -- Which window/showMessage and window/showMessageRequest dialogues have been dismissed
-- by the user via "Don't show again" or closed by clicking on "x".
create table dismissed_notification(
  id int,
  when_dismissed timestamp,
  when_expires timestamp
)
10:04:48.318 [pool-1-thread-1] DEBUG org.flywaydb.core.internal.sqlscript.ParserSqlScript -- Found statement at line 34: -- The choice of build tool when multiple build tool files are found in a workspace
create table chosen_build_tool(
  build_tool varchar primary key
)
10:04:48.319 [pool-1-thread-1] DEBUG org.flywaydb.core.internal.command.DbMigrate -- Starting migration of schema "PUBLIC" to version "1 - Create tables" ...
10:04:48.319 [pool-1-thread-1] INFO org.flywaydb.core.internal.command.DbMigrate -- Migrating schema "PUBLIC" to version "1 - Create tables"
10:04:48.320 [pool-1-thread-1] DEBUG org.flywaydb.core.internal.sqlscript.DefaultSqlScriptExecutor -- Executing SQL: -- The relationship between library dependency sources under .metals/readonly/**
-- and build targets they belong to. Required to know what classpath to use
-- for compiling dependency sources.
create table dependency_source(
  text_document_uri varchar primary key,
  build_target_uri varchar not null
)
10:04:48.321 [pool-1-thread-1] DEBUG org.flywaydb.core.internal.sqlscript.DefaultSqlScriptExecutor -- 0 rows affected
10:04:48.321 [pool-1-thread-1] DEBUG org.flywaydb.core.internal.sqlscript.DefaultSqlScriptExecutor -- Executing SQL: -- The relationship between library dependency sources under .metals/readonly/**
-- and worksheets they belong to. Required to know what classpath to use
-- for compiling dependency sources.
create table worksheet_dependency_source(
  text_document_uri varchar primary key,
  worksheet_uri varchar not null
)
10:04:48.322 [pool-1-thread-1] DEBUG org.flywaydb.core.internal.sqlscript.DefaultSqlScriptExecutor -- 0 rows affected
10:04:48.322 [pool-1-thread-1] DEBUG org.flywaydb.core.internal.sqlscript.DefaultSqlScriptExecutor -- Executing SQL: -- The relationship between what library dependency sources under .metals/readonly/**
-- map to which build targets.
create table sbt_digest(
  md5 varchar,
  status tinyint not null,
  when_recorded timestamp
)
10:04:48.323 [pool-1-thread-1] DEBUG org.flywaydb.core.internal.sqlscript.DefaultSqlScriptExecutor -- 0 rows affected
10:04:48.323 [pool-1-thread-1] DEBUG org.flywaydb.core.internal.sqlscript.DefaultSqlScriptExecutor -- Executing SQL: -- Which window/showMessage and window/showMessageRequest dialogues have been dismissed
-- by the user via "Don't show again" or closed by clicking on "x".
create table dismissed_notification(
  id int,
  when_dismissed timestamp,
  when_expires timestamp
)
10:04:48.323 [pool-1-thread-1] DEBUG org.flywaydb.core.internal.sqlscript.DefaultSqlScriptExecutor -- 0 rows affected
10:04:48.323 [pool-1-thread-1] DEBUG org.flywaydb.core.internal.sqlscript.DefaultSqlScriptExecutor -- Executing SQL: -- The choice of build tool when multiple build tool files are found in a workspace
create table chosen_build_tool(
  build_tool varchar primary key
)
10:04:48.324 [pool-1-thread-1] DEBUG org.flywaydb.core.internal.sqlscript.DefaultSqlScriptExecutor -- 0 rows affected
10:04:48.325 [pool-1-thread-1] DEBUG org.flywaydb.core.internal.command.DbMigrate -- Successfully completed migration of schema "PUBLIC" to version "1 - Create tables"
10:04:48.326 [pool-1-thread-1] DEBUG org.flywaydb.core.internal.schemahistory.JdbcTableSchemaHistory -- Schema History table "PUBLIC"."flyway_schema_history" successfully updated to reflect changes
10:04:48.330 [pool-1-thread-1] DEBUG org.flywaydb.core.internal.parser.Parser -- Parsing V2__Server_discovery.sql ...
10:04:48.332 [pool-1-thread-1] DEBUG org.flywaydb.core.internal.sqlscript.ParserSqlScript -- Found statement at line 4: -- For each unique combination of installed build servers we select one server.
-- The md5 checksum is computed from the names of the installed build servers, and
-- the selected server is the server which the user chose for this workspace.
create table chosen_build_server(
  md5 varchar primary key,
  selected_server varchar,
  when_recorded timestamp
)
10:04:48.332 [pool-1-thread-1] DEBUG org.flywaydb.core.internal.command.DbMigrate -- Starting migration of schema "PUBLIC" to version "2 - Server discovery" ...
10:04:48.333 [pool-1-thread-1] INFO org.flywaydb.core.internal.command.DbMigrate -- Migrating schema "PUBLIC" to version "2 - Server discovery"
10:04:48.333 [pool-1-thread-1] DEBUG org.flywaydb.core.internal.sqlscript.DefaultSqlScriptExecutor -- Executing SQL: -- For each unique combination of installed build servers we select one server.
-- The md5 checksum is computed from the names of the installed build servers, and
-- the selected server is the server which the user chose for this workspace.
create table chosen_build_server(
  md5 varchar primary key,
  selected_server varchar,
  when_recorded timestamp
)
10:04:48.334 [pool-1-thread-1] DEBUG org.flywaydb.core.internal.sqlscript.DefaultSqlScriptExecutor -- 0 rows affected
10:04:48.334 [pool-1-thread-1] DEBUG org.flywaydb.core.internal.command.DbMigrate -- Successfully completed migration of schema "PUBLIC" to version "2 - Server discovery"
10:04:48.335 [pool-1-thread-1] DEBUG org.flywaydb.core.internal.schemahistory.JdbcTableSchemaHistory -- Schema History table "PUBLIC"."flyway_schema_history" successfully updated to reflect changes
10:04:48.337 [pool-1-thread-1] DEBUG org.flywaydb.core.internal.parser.Parser -- Parsing V3__Jar_symbols.sql ...
10:04:48.338 [pool-1-thread-1] DEBUG org.flywaydb.core.internal.sqlscript.ParserSqlScript -- Found statement at line 2: -- Indexed jars, the MD5 digest of path, modified time and size as key
create table indexed_jar(
  id int auto_increment unique,
  md5 varchar primary key
)
10:04:48.339 [pool-1-thread-1] DEBUG org.flywaydb.core.internal.sqlscript.ParserSqlScript -- Found statement at line 7: -- Top Level Symbols per jar, allow for multiple jars with same symbols and paths
create table toplevel_symbol(
  symbol varchar not null,
  path varchar not null,
  jar int,
  foreign key (jar) references indexed_jar (id) on delete cascade,
  primary key (jar, path, symbol)
)
10:04:48.340 [pool-1-thread-1] DEBUG org.flywaydb.core.internal.sqlscript.ParserSqlScript -- Found statement at line 15: -- Create index to speedup lookup of jar symbols
create index toplevel_symbol_jar on toplevel_symbol(jar)
10:04:48.340 [pool-1-thread-1] DEBUG org.flywaydb.core.internal.command.DbMigrate -- Starting migration of schema "PUBLIC" to version "3 - Jar symbols" ...
10:04:48.340 [pool-1-thread-1] INFO org.flywaydb.core.internal.command.DbMigrate -- Migrating schema "PUBLIC" to version "3 - Jar symbols"
10:04:48.340 [pool-1-thread-1] DEBUG org.flywaydb.core.internal.sqlscript.DefaultSqlScriptExecutor -- Executing SQL: -- Indexed jars, the MD5 digest of path, modified time and size as key
create table indexed_jar(
  id int auto_increment unique,
  md5 varchar primary key
)
10:04:48.343 [pool-1-thread-1] DEBUG org.flywaydb.core.internal.sqlscript.DefaultSqlScriptExecutor -- 0 rows affected
10:04:48.343 [pool-1-thread-1] DEBUG org.flywaydb.core.internal.sqlscript.DefaultSqlScriptExecutor -- Executing SQL: -- Top Level Symbols per jar, allow for multiple jars with same symbols and paths
create table toplevel_symbol(
  symbol varchar not null,
  path varchar not null,
  jar int,
  foreign key (jar) references indexed_jar (id) on delete cascade,
  primary key (jar, path, symbol)
)
10:04:48.348 [pool-1-thread-1] DEBUG org.flywaydb.core.internal.sqlscript.DefaultSqlScriptExecutor -- 0 rows affected
10:04:48.348 [pool-1-thread-1] DEBUG org.flywaydb.core.internal.sqlscript.DefaultSqlScriptExecutor -- Executing SQL: -- Create index to speedup lookup of jar symbols
create index toplevel_symbol_jar on toplevel_symbol(jar)
10:04:48.349 [pool-1-thread-1] DEBUG org.flywaydb.core.internal.sqlscript.DefaultSqlScriptExecutor -- 0 rows affected
10:04:48.349 [pool-1-thread-1] DEBUG org.flywaydb.core.internal.command.DbMigrate -- Successfully completed migration of schema "PUBLIC" to version "3 - Jar symbols"
10:04:48.350 [pool-1-thread-1] DEBUG org.flywaydb.core.internal.schemahistory.JdbcTableSchemaHistory -- Schema History table "PUBLIC"."flyway_schema_history" successfully updated to reflect changes
10:04:48.351 [pool-1-thread-1] DEBUG org.flywaydb.core.internal.parser.Parser -- Parsing V4__Fingerprints.sql ...
10:04:48.353 [pool-1-thread-1] DEBUG org.flywaydb.core.internal.sqlscript.ParserSqlScript -- Found statement at line 2: -- Fingerprints saved between invocations
create table fingerprints(
  path varchar not null,
  text varchar not null,
  md5 varchar not null,
  id int auto_increment unique
)
10:04:48.353 [pool-1-thread-1] DEBUG org.flywaydb.core.internal.command.DbMigrate -- Starting migration of schema "PUBLIC" to version "4 - Fingerprints" ...
10:04:48.353 [pool-1-thread-1] INFO org.flywaydb.core.internal.command.DbMigrate -- Migrating schema "PUBLIC" to version "4 - Fingerprints"
10:04:48.353 [pool-1-thread-1] DEBUG org.flywaydb.core.internal.sqlscript.DefaultSqlScriptExecutor -- Executing SQL: -- Fingerprints saved between invocations
create table fingerprints(
  path varchar not null,
  text varchar not null,
  md5 varchar not null,
  id int auto_increment unique
)
10:04:48.354 [pool-1-thread-1] DEBUG org.flywaydb.core.internal.sqlscript.DefaultSqlScriptExecutor -- 0 rows affected
10:04:48.355 [pool-1-thread-1] DEBUG org.flywaydb.core.internal.command.DbMigrate -- Successfully completed migration of schema "PUBLIC" to version "4 - Fingerprints"
10:04:48.356 [pool-1-thread-1] DEBUG org.flywaydb.core.internal.schemahistory.JdbcTableSchemaHistory -- Schema History table "PUBLIC"."flyway_schema_history" successfully updated to reflect changes
10:04:48.363 [pool-1-thread-1] INFO org.flywaydb.core.internal.command.DbMigrate -- Successfully applied 4 migrations to schema "PUBLIC", now at version v4 (execution time 00:00.017s)
10:04:48.372 [pool-1-thread-1] DEBUG org.flywaydb.core.FlywayExecutor -- Memory usage: 66 of 100M
2024.02.29 10:04:48 WARN  Build server is not auto-connectable.
2024.02.29 10:04:53 INFO  running 'C:\Program Files\Java\jdk-14.0.2\bin\java.exe -Djline.terminal=jline.UnsupportedTerminal -Dsbt.log.noformat=true -Dfile.encoding=UTF-8 -jar C:\Users\sreek\AppData\Local\Temp\metals18301132131304509198\sbt-launch.jar -Dbloop.export-jar-classifiers=sources bloopInstall'
2024.02.29 10:04:54 ERROR sbt.internal.ServerAlreadyBootingException: java.io.IOException: Could not create lock for \\.\pipe\sbt-load-3124824777429039747_lock, error 5
2024.02.29 10:04:54 INFO  sbt thinks that server is already booting because of this exception:
2024.02.29 10:04:54 ERROR 	at sbt.internal.BootServerSocket.newSocket(BootServerSocket.java:357)
2024.02.29 10:04:54 ERROR 	at sbt.internal.BootServerSocket.<init>(BootServerSocket.java:296)
2024.02.29 10:04:54 ERROR 	at sbt.xMain$.getSocketOrExit(Main.scala:152)
2024.02.29 10:04:54 ERROR 	at sbt.xMain$.bootServerSocket$lzycompute$1(Main.scala:78)
2024.02.29 10:04:54 ERROR 	at sbt.xMain$.bootServerSocket$1(Main.scala:78)
2024.02.29 10:04:54 ERROR 	at sbt.xMain$.withStreams$1(Main.scala:86)
2024.02.29 10:04:54 ERROR 	at sbt.xMain$.run(Main.scala:123)
2024.02.29 10:04:54 ERROR 	at java.base/jdk.internal.reflect.NativeMethodAccessorImpl.invoke0(Native Method)
2024.02.29 10:04:54 ERROR 	at java.base/jdk.internal.reflect.NativeMethodAccessorImpl.invoke(NativeMethodAccessorImpl.java:62)
2024.02.29 10:04:54 ERROR 	at java.base/jdk.internal.reflect.DelegatingMethodAccessorImpl.invoke(DelegatingMethodAccessorImpl.java:43)
2024.02.29 10:04:54 ERROR 	at java.base/java.lang.reflect.Method.invoke(Method.java:564)
2024.02.29 10:04:54 ERROR 	at sbt.internal.XMainConfiguration.run(XMainConfiguration.java:59)
2024.02.29 10:04:54 ERROR 	at sbt.xMain.run(Main.scala:47)
2024.02.29 10:04:54 ERROR 	at xsbt.boot.Launch$.$anonfun$run$1(Launch.scala:149)
2024.02.29 10:04:54 ERROR 	at xsbt.boot.Launch$.withContextLoader(Launch.scala:176)
2024.02.29 10:04:54 ERROR 	at xsbt.boot.Launch$.run(Launch.scala:149)
2024.02.29 10:04:54 ERROR 	at xsbt.boot.Launch$.$anonfun$apply$1(Launch.scala:44)
2024.02.29 10:04:54 ERROR 	at xsbt.boot.Launch$.launch(Launch.scala:159)
2024.02.29 10:04:54 ERROR 	at xsbt.boot.Launch$.apply(Launch.scala:44)
2024.02.29 10:04:54 ERROR 	at xsbt.boot.Launch$.apply(Launch.scala:21)
2024.02.29 10:04:54 ERROR 	at xsbt.boot.Boot$.runImpl(Boot.scala:78)
2024.02.29 10:04:54 ERROR 	at xsbt.boot.Boot$.run(Boot.scala:73)
2024.02.29 10:04:54 ERROR 	at xsbt.boot.Boot$.main(Boot.scala:21)
2024.02.29 10:04:54 ERROR 	at xsbt.boot.Boot.main(Boot.scala)
2024.02.29 10:04:54 ERROR Caused by: java.io.IOException: Could not create lock for \\.\pipe\sbt-load-3124824777429039747_lock, error 5
2024.02.29 10:04:54 ERROR 	at org.scalasbt.ipcsocket.Win32NamedPipeServerSocket.<init>(Win32NamedPipeServerSocket.java:129)
2024.02.29 10:04:54 ERROR 	at org.scalasbt.ipcsocket.Win32NamedPipeServerSocket.<init>(Win32NamedPipeServerSocket.java:48)
2024.02.29 10:04:54 ERROR 	at sbt.internal.BootServerSocket.newSocket(BootServerSocket.java:351)
2024.02.29 10:04:54 ERROR 	... 23 more
2024.02.29 10:04:54 INFO  time: ran 'sbt bloopInstall' in 1.08s
2024.02.29 10:04:54 ERROR sbt command failed: C:\Program Files\Java\jdk-14.0.2\bin\java.exe -Djline.terminal=jline.UnsupportedTerminal -Dsbt.log.noformat=true -Dfile.encoding=UTF-8 -jar C:\Users\sreek\AppData\Local\Temp\metals18301132131304509198\sbt-launch.jar -Dbloop.export-jar-classifiers=sources bloopInstall
2024.02.29 10:04:59 INFO  no build target found for C:\Users\sreek\Downloads\cinema-world-main\cinema-world-main\src\main\scala\com\example\cinemaworld\Models.scala. Using presentation compiler with project's scala-library version: 3.3.1
2024.02.29 10:05:08 WARN  no build target for: C:\Users\sreek\Downloads\cinema-world-main\cinema-world-main\src\main\scala\com\example\cinemaworld\Models.scala
2024.02.29 10:05:08 WARN  no build target for: C:\Users\sreek\Downloads\cinema-world-main\cinema-world-main\src\main\scala\com\example\cinemaworld\Models.scala
2024.02.29 10:05:08 WARN  no build target for: C:\Users\sreek\Downloads\cinema-world-main\cinema-world-main\src\main\scala\com\example\cinemaworld\Models.scala
2024.02.29 10:05:35 WARN  no build target for: C:\Users\sreek\Downloads\cinema-world-main\cinema-world-main\src\main\scala\com\example\cinemaworld\CinemaWorldApp.scala
2024.02.29 10:06:00 WARN  no build target for: C:\Users\sreek\Downloads\cinema-world-main\cinema-world-main\src\main\scala\com\example\cinemaworld\CinemaWorldApp.scala
2024.02.29 10:07:31 WARN  no build target for: C:\Users\sreek\Downloads\cinema-world-main\cinema-world-main\src\main\scala\com\example\cinemaworld\CinemaWorldApp.scala
Feb 29, 2024 10:07:32 AM org.eclipse.lsp4j.jsonrpc.RemoteEndpoint handleCancellation
WARNING: Unmatched cancel notification for request id 178
2024.02.29 10:07:40 WARN  no build target for: C:\Users\sreek\Downloads\cinema-world-main\cinema-world-main\src\main\scala\com\example\cinemaworld\CinemaWorldApp.scala
2024.02.29 10:07:40 WARN  Using indexes to guess the definition of bindingFuture
Feb 29, 2024 10:07:40 AM org.eclipse.lsp4j.jsonrpc.RemoteEndpoint handleCancellation
WARNING: Unmatched cancel notification for request id 206
2024.02.29 10:08:42 WARN  no build target for: C:\Users\sreek\Downloads\cinema-world-main\cinema-world-main\src\main\scala\com\example\cinemaworld\CinemaWorldApp.scala
2024.02.29 12:16:26 WARN  no build target for: C:\Users\sreek\Downloads\cinema-world-main\cinema-world-main\src\main\scala\com\example\cinemaworld\Models.scala
2024.02.29 12:16:26 WARN  no build target for: C:\Users\sreek\Downloads\cinema-world-main\cinema-world-main\src\main\scala\com\example\cinemaworld\Models.scala
2024.02.29 12:16:39 WARN  no build target for: C:\Users\sreek\Downloads\cinema-world-main\cinema-world-main\src\main\scala\com\example\cinemaworld\Models.scala
2024.02.29 12:16:39 WARN  no build target for: C:\Users\sreek\Downloads\cinema-world-main\cinema-world-main\src\main\scala\com\example\cinemaworld\Models.scala
2024.02.29 12:16:41 WARN  no build target for: C:\Users\sreek\Downloads\cinema-world-main\cinema-world-main\src\main\scala\com\example\cinemaworld\Models.scala
2024.02.29 12:18:05 WARN  no build target for: C:\Users\sreek\Downloads\cinema-world-main\cinema-world-main\src\main\scala\com\example\cinemaworld\Models.scala
2024.02.29 12:18:05 WARN  no build target for: C:\Users\sreek\Downloads\cinema-world-main\cinema-world-main\src\main\scala\com\example\cinemaworld\Models.scala
2024.02.29 12:18:21 WARN  no build target for: C:\Users\sreek\Downloads\cinema-world-main\cinema-world-main\src\main\scala\com\example\cinemaworld\Models.scala
2024.02.29 12:30:42 WARN  no build target for: C:\Users\sreek\Downloads\cinema-world-main\cinema-world-main\src\main\scala\com\example\cinemaworld\CinemaWorldApp.scala
2024.02.29 12:30:57 WARN  no build target for: C:\Users\sreek\Downloads\cinema-world-main\cinema-world-main\src\main\scala\com\example\cinemaworld\CinemaWorldApp.scala
2024.02.29 12:31:00 WARN  no build target for: C:\Users\sreek\Downloads\cinema-world-main\cinema-world-main\src\main\scala\com\example\cinemaworld\CinemaWorldApp.scala
2024.02.29 12:42:49 WARN  no build target for: C:\Users\sreek\Downloads\cinema-world-main\cinema-world-main\src\main\scala\com\example\cinemaworld\CinemaWorldApp.scala
2024.02.29 12:52:26 WARN  no build target for: C:\Users\sreek\Downloads\cinema-world-main\cinema-world-main\src\main\scala\com\example\cinemaworld\CinemaWorldApp.scala
2024.02.29 12:53:03 WARN  no build target for: C:\Users\sreek\Downloads\cinema-world-main\cinema-world-main\src\main\scala\com\example\cinemaworld\CinemaWorldApp.scala
2024.02.29 12:55:15 WARN  Using indexes to guess the definition of Data
2024.02.29 12:55:15 WARN  no build target for: C:\Users\sreek\Downloads\cinema-world-main\cinema-world-main\src\main\scala\com\example\cinemaworld\CinemaWorldApp.scala
Feb 29, 2024 12:55:15 PM org.eclipse.lsp4j.jsonrpc.RemoteEndpoint handleCancellation
WARNING: Unmatched cancel notification for request id 494
2024.02.29 12:55:15 WARN  no build target for: C:\Users\sreek\Downloads\cinema-world-main\cinema-world-main\src\main\scala\com\example\cinemaworld\CinemaWorldApp.scala
2024.02.29 12:56:05 WARN  no build target for: C:\Users\sreek\Downloads\cinema-world-main\cinema-world-main\src\main\scala\com\example\cinemaworld\CinemaWorldApp.scala
2024.02.29 13:03:28 WARN  no build target for: C:\Users\sreek\Downloads\cinema-world-main\cinema-world-main\src\main\scala\com\example\cinemaworld\CinemaWorldApp.scala
